        -:    0:Source:dominion.c
        -:    0:Graph:dominion.gcno
        -:    0:Data:dominion.gcda
        -:    0:Runs:3
        -:    0:Programs:3
        -:    1:#include "dominion.h"
        -:    2:#include "dominion_helpers.h"
        -:    3:#include "rngs.h"
        -:    4:#include <stdio.h>
        -:    5:#include <math.h>
        -:    6:#include <stdlib.h>
        -:    7:
function compare called 1872503 returned 100% blocks executed 100%
  1872503:    8:int compare(const void* a, const void* b) {
  1872503:    9:  if (*(int*)a > *(int*)b)
branch  0 taken 47% (fallthrough)
branch  1 taken 53%
   871318:   10:    return 1;
  1001185:   11:  if (*(int*)a < *(int*)b)
branch  0 taken 43% (fallthrough)
branch  1 taken 57%
   427458:   12:    return -1;
   573727:   13:  return 0;
        -:   14:}
        -:   15:
function newGame called 0 returned 0% blocks executed 0%
    #####:   16:struct gameState* newGame() {
    #####:   17:  struct gameState* g = malloc(sizeof(struct gameState));
    #####:   18:  return g;
        -:   19:}
        -:   20:
function kingdomCards called 0 returned 0% blocks executed 0%
    #####:   21:int* kingdomCards(int k1, int k2, int k3, int k4, int k5, int k6, int k7,
        -:   22:		  int k8, int k9, int k10) {
    #####:   23:  int* k = malloc(10 * sizeof(int));
    #####:   24:  k[0] = k1;
    #####:   25:  k[1] = k2;
    #####:   26:  k[2] = k3;
    #####:   27:  k[3] = k4;
    #####:   28:  k[4] = k5;
    #####:   29:  k[5] = k6;
    #####:   30:  k[6] = k7;
    #####:   31:  k[7] = k8;
    #####:   32:  k[8] = k9;
    #####:   33:  k[9] = k10;
    #####:   34:  return k;
        -:   35:}
        -:   36:
function initializeGame called 3000 returned 100% blocks executed 95%
     3000:   37:int initializeGame(int numPlayers, int kingdomCards[10], int randomSeed,
        -:   38:		   struct gameState *state) {
        -:   39:
        -:   40:  int i;
        -:   41:  int j;
        -:   42:  int it;			
        -:   43:  //set up random number generator
     3000:   44:  SelectStream(1);
call    0 returned 100%
     3000:   45:  PutSeed((long)randomSeed);
call    0 returned 100%
        -:   46:  
        -:   47:  //check number of players
     3000:   48:  if (numPlayers > MAX_PLAYERS || numPlayers < 2)
branch  0 taken 100% (fallthrough)
branch  1 taken 0%
branch  2 taken 0% (fallthrough)
branch  3 taken 100%
        -:   49:    {
    #####:   50:      return -1;
        -:   51:    }
        -:   52:
        -:   53:  //set number of players
     3000:   54:  state->numPlayers = numPlayers;
        -:   55:
        -:   56:  //check selected kingdom cards are different
    33000:   57:  for (i = 0; i < 10; i++)
branch  0 taken 91%
branch  1 taken 9% (fallthrough)
        -:   58:    {
   330000:   59:      for (j = 0; j < 10; j++)
branch  0 taken 91%
branch  1 taken 9% (fallthrough)
        -:   60:        {
   300000:   61:	  if (j != i && kingdomCards[j] == kingdomCards[i])
branch  0 taken 90% (fallthrough)
branch  1 taken 10%
branch  2 taken 0% (fallthrough)
branch  3 taken 100%
        -:   62:	    {
    #####:   63:	      return -1;
        -:   64:	    }
        -:   65:        }
        -:   66:    }
        -:   67:
        -:   68:
        -:   69:  //initialize supply
        -:   70:  ///////////////////////////////
        -:   71:
        -:   72:  //set number of Curse cards
     3000:   73:  if (numPlayers == 2)
branch  0 taken 36% (fallthrough)
branch  1 taken 64%
        -:   74:    {
     1072:   75:      state->supplyCount[curse] = 10;
        -:   76:    }
     1928:   77:  else if (numPlayers == 3)
branch  0 taken 52% (fallthrough)
branch  1 taken 48%
        -:   78:    {
      996:   79:      state->supplyCount[curse] = 20;
        -:   80:    }
        -:   81:  else
        -:   82:    {
      932:   83:      state->supplyCount[curse] = 30;
        -:   84:    }
        -:   85:
        -:   86:  //set number of Victory cards
     3000:   87:  if (numPlayers == 2)
branch  0 taken 36% (fallthrough)
branch  1 taken 64%
        -:   88:    {
     1072:   89:      state->supplyCount[estate] = 8;
     1072:   90:      state->supplyCount[duchy] = 8;
     1072:   91:      state->supplyCount[province] = 8;
        -:   92:    }
        -:   93:  else
        -:   94:    {
     1928:   95:      state->supplyCount[estate] = 12;
     1928:   96:      state->supplyCount[duchy] = 12;
     1928:   97:      state->supplyCount[province] = 12;
        -:   98:    }
        -:   99:
        -:  100:  //set number of Treasure cards
     3000:  101:  state->supplyCount[copper] = 60 - (7 * numPlayers);
     3000:  102:  state->supplyCount[silver] = 40;
     3000:  103:  state->supplyCount[gold] = 30;
        -:  104:
        -:  105:  //set number of Kingdom cards
    63000:  106:  for (i = adventurer; i <= treasure_map; i++)       	//loop all cards
branch  0 taken 95%
branch  1 taken 5% (fallthrough)
        -:  107:    {
   495000:  108:      for (j = 0; j < 10; j++)           		//loop chosen cards
branch  0 taken 94%
branch  1 taken 6% (fallthrough)
        -:  109:	{
   465000:  110:	  if (kingdomCards[j] == i)
branch  0 taken 6% (fallthrough)
branch  1 taken 94%
        -:  111:	    {
        -:  112:	      //check if card is a 'Victory' Kingdom card
    30000:  113:	      if (kingdomCards[j] == great_hall || kingdomCards[j] == gardens)
branch  0 taken 90% (fallthrough)
branch  1 taken 10%
branch  2 taken 11% (fallthrough)
branch  3 taken 89%
        -:  114:		{
    12000:  115:		  if (numPlayers == 2){ 
branch  0 taken 36% (fallthrough)
branch  1 taken 64%
     2144:  116:		    state->supplyCount[i] = 8; 
        -:  117:		  }
     3856:  118:		  else{ state->supplyCount[i] = 12; }
        -:  119:		}
        -:  120:	      else
        -:  121:		{
    24000:  122:		  state->supplyCount[i] = 10;
        -:  123:		}
    30000:  124:	      break;
        -:  125:	    }
        -:  126:	  else    //card is not in the set choosen for the game
        -:  127:	    {
   435000:  128:	      state->supplyCount[i] = -1;
        -:  129:	    }
        -:  130:	}
        -:  131:
        -:  132:    }
        -:  133:
        -:  134:  ////////////////////////
        -:  135:  //supply intilization complete
        -:  136:
        -:  137:  //set player decks
    11860:  138:  for (i = 0; i < numPlayers; i++)
branch  0 taken 75%
branch  1 taken 25% (fallthrough)
        -:  139:    {
     8860:  140:      state->deckCount[i] = 0;
    35440:  141:      for (j = 0; j < 3; j++)
branch  0 taken 75%
branch  1 taken 25% (fallthrough)
        -:  142:	{
    26580:  143:	  state->deck[i][j] = estate;
    26580:  144:	  state->deckCount[i]++;
        -:  145:	}
    70880:  146:      for (j = 3; j < 10; j++)
branch  0 taken 88%
branch  1 taken 13% (fallthrough)
        -:  147:	{
    62020:  148:	  state->deck[i][j] = copper;
    62020:  149:	  state->deckCount[i]++;		
        -:  150:	}
        -:  151:    }
        -:  152:
        -:  153:  //shuffle player decks
    11860:  154:  for (i = 0; i < numPlayers; i++)
branch  0 taken 75%
branch  1 taken 25% (fallthrough)
        -:  155:    {
     8860:  156:      if ( shuffle(i, state) < 0 )
call    0 returned 100%
branch  1 taken 0% (fallthrough)
branch  2 taken 100%
        -:  157:	{
    #####:  158:	  return -1;
        -:  159:	}
        -:  160:    }
        -:  161:
        -:  162:  //draw player hands
    11860:  163:  for (i = 0; i < numPlayers; i++)
branch  0 taken 75%
branch  1 taken 25% (fallthrough)
        -:  164:    {  
        -:  165:      //initialize hand size to zero
     8860:  166:      state->handCount[i] = 0;
     8860:  167:      state->discardCount[i] = 0;
        -:  168:      //draw 5 cards
        -:  169:      // for (j = 0; j < 5; j++)
        -:  170:      //	{
        -:  171:      //	  drawCard(i, state);
        -:  172:      //	}
        -:  173:    }
        -:  174:  
        -:  175:  //set embargo tokens to 0 for all supply piles
    84000:  176:  for (i = 0; i <= treasure_map; i++)
branch  0 taken 96%
branch  1 taken 4% (fallthrough)
        -:  177:    {
    81000:  178:      state->embargoTokens[i] = 0;
        -:  179:    }
        -:  180:
        -:  181:  //initialize first player's turn
     3000:  182:  state->outpostPlayed = 0;
     3000:  183:  state->phase = 0;
     3000:  184:  state->numActions = 1;
     3000:  185:  state->numBuys = 1;
     3000:  186:  state->playedCardCount = 0;
     3000:  187:  state->whoseTurn = 0;
     3000:  188:  state->handCount[state->whoseTurn] = 0;
        -:  189:  //int it; move to top
        -:  190:
        -:  191:  //Moved draw cards to here, only drawing at the start of a turn
    18000:  192:  for (it = 0; it < 5; it++){
branch  0 taken 83%
branch  1 taken 17% (fallthrough)
    15000:  193:    drawCard(state->whoseTurn, state);
call    0 returned 100%
        -:  194:  }
        -:  195:
     3000:  196:  updateCoins(state->whoseTurn, state, 0);
call    0 returned 100%
        -:  197:
     3000:  198:  return 0;
        -:  199:}
        -:  200:
function shuffle called 10584 returned 100% blocks executed 100%
    10584:  201:int shuffle(int player, struct gameState *state) {
        -:  202: 
        -:  203:
        -:  204:  int newDeck[MAX_DECK];
    10584:  205:  int newDeckPos = 0;
        -:  206:  int card;
        -:  207:  int i;
        -:  208:
    10584:  209:  if (state->deckCount[player] < 1)
branch  0 taken 7% (fallthrough)
branch  1 taken 93%
      734:  210:    return -1;
     9850:  211:  qsort ((void*)(state->deck[player]), state->deckCount[player], sizeof(int), compare); 
call    0 returned 100%
        -:  212:  /* SORT CARDS IN DECK TO ENSURE DETERMINISM! */
        -:  213:
   357267:  214:  while (state->deckCount[player] > 0) {
branch  0 taken 97%
branch  1 taken 3% (fallthrough)
   337567:  215:    card = floor(Random() * state->deckCount[player]);
call    0 returned 100%
   337567:  216:    newDeck[newDeckPos] = state->deck[player][card];
   337567:  217:    newDeckPos++;
 21785744:  218:    for (i = card; i < state->deckCount[player]-1; i++) {
branch  0 taken 98%
branch  1 taken 2% (fallthrough)
 21448177:  219:      state->deck[player][i] = state->deck[player][i+1];
        -:  220:    }
   337567:  221:    state->deckCount[player]--;
        -:  222:  }
   347417:  223:  for (i = 0; i < newDeckPos; i++) {
branch  0 taken 97%
branch  1 taken 3% (fallthrough)
   337567:  224:    state->deck[player][i] = newDeck[i];
   337567:  225:    state->deckCount[player]++;
        -:  226:  }
        -:  227:
     9850:  228:  return 0;
        -:  229:}
        -:  230:
function playCard called 0 returned 0% blocks executed 0%
    #####:  231:int playCard(int handPos, int choice1, int choice2, int choice3, struct gameState *state) 
        -:  232:{	
        -:  233:  int card;
    #####:  234:  int coin_bonus = 0; 		//tracks coins gain from actions
        -:  235:
        -:  236:  //check if it is the right phase
    #####:  237:  if (state->phase != 0)
branch  0 never executed
branch  1 never executed
        -:  238:    {
    #####:  239:      return -1;
        -:  240:    }
        -:  241:	
        -:  242:  //check if player has enough actions
    #####:  243:  if ( state->numActions < 1 )
branch  0 never executed
branch  1 never executed
        -:  244:    {
    #####:  245:      return -1;
        -:  246:    }
        -:  247:	
        -:  248:  //get card played
    #####:  249:  card = handCard(handPos, state);
call    0 never executed
        -:  250:	
        -:  251:  //check if selected card is an action
    #####:  252:  if ( card < adventurer || card > treasure_map )
branch  0 never executed
branch  1 never executed
branch  2 never executed
branch  3 never executed
        -:  253:    {
    #####:  254:      return -1;
        -:  255:    }
        -:  256:	
        -:  257:  //play card
    #####:  258:  if ( cardEffect(card, choice1, choice2, choice3, state, handPos, &coin_bonus) < 0 )
call    0 never executed
branch  1 never executed
branch  2 never executed
        -:  259:    {
    #####:  260:      return -1;
        -:  261:    }
        -:  262:	
        -:  263:  //reduce number of actions
    #####:  264:  state->numActions--;
        -:  265:
        -:  266:  //update coins (Treasure cards may be added with card draws)
    #####:  267:  updateCoins(state->whoseTurn, state, coin_bonus);
call    0 never executed
        -:  268:	
    #####:  269:  return 0;
        -:  270:}
        -:  271:
function buyCard called 0 returned 0% blocks executed 0%
    #####:  272:int buyCard(int supplyPos, struct gameState *state) {
        -:  273:  int who;
        -:  274:  if (DEBUG){
        -:  275:    printf("Entering buyCard...\n");
        -:  276:  }
        -:  277:
        -:  278:  // I don't know what to do about the phase thing.
        -:  279:
    #####:  280:  who = state->whoseTurn;
        -:  281:
    #####:  282:  if (state->numBuys < 1){
branch  0 never executed
branch  1 never executed
        -:  283:    if (DEBUG)
        -:  284:      printf("You do not have any buys left\n");
    #####:  285:    return -1;
    #####:  286:  } else if (supplyCount(supplyPos, state) <1){
call    0 never executed
branch  1 never executed
branch  2 never executed
        -:  287:    if (DEBUG)
        -:  288:      printf("There are not any of that type of card left\n");
    #####:  289:    return -1;
    #####:  290:  } else if (state->coins < getCost(supplyPos)){
call    0 never executed
branch  1 never executed
branch  2 never executed
        -:  291:    if (DEBUG) 
        -:  292:      printf("You do not have enough money to buy that. You have %d coins.\n", state->coins);
    #####:  293:    return -1;
        -:  294:  } else {
    #####:  295:    state->phase=1;
        -:  296:    //state->supplyCount[supplyPos]--;
    #####:  297:    gainCard(supplyPos, state, 0, who); //card goes in discard, this might be wrong.. (2 means goes into hand, 0 goes into discard)
call    0 never executed
        -:  298:  
    #####:  299:    state->coins = (state->coins) - (getCost(supplyPos));
call    0 never executed
    #####:  300:    state->numBuys--;
        -:  301:    if (DEBUG)
        -:  302:      printf("You bought card number %d for %d coins. You now have %d buys and %d coins.\n", supplyPos, getCost(supplyPos), state->numBuys, state->coins);
        -:  303:  }
        -:  304:
        -:  305:  //state->discard[who][state->discardCount[who]] = supplyPos;
        -:  306:  //state->discardCount[who]++;
        -:  307:    
    #####:  308:  return 0;
        -:  309:}
        -:  310:
function numHandCards called 0 returned 0% blocks executed 0%
    #####:  311:int numHandCards(struct gameState *state) {
    #####:  312:  return state->handCount[ whoseTurn(state) ];
call    0 never executed
        -:  313:}
        -:  314:
function handCard called 0 returned 0% blocks executed 0%
    #####:  315:int handCard(int handPos, struct gameState *state) {
    #####:  316:  int currentPlayer = whoseTurn(state);
call    0 never executed
    #####:  317:  return state->hand[currentPlayer][handPos];
        -:  318:}
        -:  319:
function supplyCount called 0 returned 0% blocks executed 0%
    #####:  320:int supplyCount(int card, struct gameState *state) {
    #####:  321:  return state->supplyCount[card];
        -:  322:}
        -:  323:
function fullDeckCount called 0 returned 0% blocks executed 0%
    #####:  324:int fullDeckCount(int player, int card, struct gameState *state) {
        -:  325:  int i;
    #####:  326:  int count = 0;
        -:  327:
    #####:  328:  for (i = 0; i < state->deckCount[player]; i++)
branch  0 never executed
branch  1 never executed
        -:  329:    {
    #####:  330:      if (state->deck[player][i] == card) count++;
branch  0 never executed
branch  1 never executed
        -:  331:    }
        -:  332:
    #####:  333:  for (i = 0; i < state->handCount[player]; i++)
branch  0 never executed
branch  1 never executed
        -:  334:    {
    #####:  335:      if (state->hand[player][i] == card) count++;
branch  0 never executed
branch  1 never executed
        -:  336:    }
        -:  337:
    #####:  338:  for (i = 0; i < state->discardCount[player]; i++)
branch  0 never executed
branch  1 never executed
        -:  339:    {
    #####:  340:      if (state->discard[player][i] == card) count++;
branch  0 never executed
branch  1 never executed
        -:  341:    }
        -:  342:
    #####:  343:  return count;
        -:  344:}
        -:  345:
function whoseTurn called 3000 returned 100% blocks executed 100%
     3000:  346:int whoseTurn(struct gameState *state) {
     3000:  347:  return state->whoseTurn;
        -:  348:}
        -:  349:
function endTurn called 0 returned 0% blocks executed 0%
    #####:  350:int endTurn(struct gameState *state) {
        -:  351:  int k;
        -:  352:  int i;
    #####:  353:  int currentPlayer = whoseTurn(state);
call    0 never executed
        -:  354:  
        -:  355:  //Discard hand
    #####:  356:  for (i = 0; i < state->handCount[currentPlayer]; i++){
branch  0 never executed
branch  1 never executed
    #####:  357:    state->discard[currentPlayer][state->discardCount[currentPlayer]++] = state->hand[currentPlayer][i];//Discard
    #####:  358:    state->hand[currentPlayer][i] = -1;//Set card to -1
        -:  359:  }
    #####:  360:  state->handCount[currentPlayer] = 0;//Reset hand count
        -:  361:    
        -:  362:  //Code for determining the player
    #####:  363:  if (currentPlayer < (state->numPlayers - 1)){ 
branch  0 never executed
branch  1 never executed
    #####:  364:    state->whoseTurn = currentPlayer + 1;//Still safe to increment
        -:  365:  }
        -:  366:  else{
    #####:  367:    state->whoseTurn = 0;//Max player has been reached, loop back around to player 1
        -:  368:  }
        -:  369:
    #####:  370:  state->outpostPlayed = 0;
    #####:  371:  state->phase = 0;
    #####:  372:  state->numActions = 1;
    #####:  373:  state->coins = 0;
    #####:  374:  state->numBuys = 1;
    #####:  375:  printf("Played cards 0 = %d\n", state->playedCards[0]); 
call    0 never executed
    #####:  376:  printf("Played cards 1 = %d\n", state->playedCards[1]); 
call    0 never executed
        -:  377:
    #####:  378:  state->playedCardCount = 0;
    #####:  379:  state->handCount[state->whoseTurn] = 0;
        -:  380:
        -:  381:  //int k; move to top
        -:  382:  //Next player draws hand
    #####:  383:  for (k = 0; k < 5; k++){
branch  0 never executed
branch  1 never executed
    #####:  384:    drawCard(state->whoseTurn, state);//Draw a card
call    0 never executed
        -:  385:  }
        -:  386:
        -:  387:  //Update money
    #####:  388:  updateCoins(state->whoseTurn, state , 0);
call    0 never executed
        -:  389:
    #####:  390:  return 0;
        -:  391:}
        -:  392:
function isGameOver called 0 returned 0% blocks executed 0%
    #####:  393:int isGameOver(struct gameState *state) {
        -:  394:  int i;
        -:  395:  int j;
        -:  396:	
        -:  397:  //if stack of Province cards is empty, the game ends
    #####:  398:  if (state->supplyCount[province] == 0)
branch  0 never executed
branch  1 never executed
        -:  399:    {
    #####:  400:      return 1;
        -:  401:    }
        -:  402:
        -:  403:  //if three supply pile are at 0, the game ends
    #####:  404:  j = 0;
    #####:  405:  for (i = 0; i < 25; i++)
branch  0 never executed
branch  1 never executed
        -:  406:    {
    #####:  407:      if (state->supplyCount[i] == 0)
branch  0 never executed
branch  1 never executed
        -:  408:	{
    #####:  409:	  j++;
        -:  410:	}
        -:  411:    }
    #####:  412:  if ( j >= 3)
branch  0 never executed
branch  1 never executed
        -:  413:    {
    #####:  414:      return 1;
        -:  415:    }
        -:  416:
    #####:  417:  return 0;
        -:  418:}
        -:  419:
function scoreFor called 0 returned 0% blocks executed 0%
    #####:  420:int scoreFor (int player, struct gameState *state) {
        -:  421:
        -:  422:  int i;
    #####:  423:  int score = 0;
        -:  424:  //score from hand
    #####:  425:  for (i = 0; i < state->handCount[player]; i++)
branch  0 never executed
branch  1 never executed
        -:  426:    {
    #####:  427:      if (state->hand[player][i] == curse) { score = score - 1; };
branch  0 never executed
branch  1 never executed
    #####:  428:      if (state->hand[player][i] == estate) { score = score + 1; };
branch  0 never executed
branch  1 never executed
    #####:  429:      if (state->hand[player][i] == duchy) { score = score + 3; };
branch  0 never executed
branch  1 never executed
    #####:  430:      if (state->hand[player][i] == province) { score = score + 6; };
branch  0 never executed
branch  1 never executed
    #####:  431:      if (state->hand[player][i] == great_hall) { score = score + 1; };
branch  0 never executed
branch  1 never executed
    #####:  432:      if (state->hand[player][i] == gardens) { score = score + ( fullDeckCount(player, 0, state) / 10 ); };
branch  0 never executed
branch  1 never executed
call    2 never executed
        -:  433:    }
        -:  434:
        -:  435:  //score from discard
    #####:  436:  for (i = 0; i < state->discardCount[player]; i++)
branch  0 never executed
branch  1 never executed
        -:  437:    {
    #####:  438:      if (state->discard[player][i] == curse) { score = score - 1; };
branch  0 never executed
branch  1 never executed
    #####:  439:      if (state->discard[player][i] == estate) { score = score + 1; };
branch  0 never executed
branch  1 never executed
    #####:  440:      if (state->discard[player][i] == duchy) { score = score + 3; };
branch  0 never executed
branch  1 never executed
    #####:  441:      if (state->discard[player][i] == province) { score = score + 6; };
branch  0 never executed
branch  1 never executed
    #####:  442:      if (state->discard[player][i] == great_hall) { score = score + 1; };
branch  0 never executed
branch  1 never executed
    #####:  443:      if (state->discard[player][i] == gardens) { score = score + ( fullDeckCount(player, 0, state) / 10 ); };
branch  0 never executed
branch  1 never executed
call    2 never executed
        -:  444:    }
        -:  445:
        -:  446:  //score from deck
    #####:  447:  for (i = 0; i < state->discardCount[player]; i++)
branch  0 never executed
branch  1 never executed
        -:  448:    {
    #####:  449:      if (state->deck[player][i] == curse) { score = score - 1; };
branch  0 never executed
branch  1 never executed
    #####:  450:      if (state->deck[player][i] == estate) { score = score + 1; };
branch  0 never executed
branch  1 never executed
    #####:  451:      if (state->deck[player][i] == duchy) { score = score + 3; };
branch  0 never executed
branch  1 never executed
    #####:  452:      if (state->deck[player][i] == province) { score = score + 6; };
branch  0 never executed
branch  1 never executed
    #####:  453:      if (state->deck[player][i] == great_hall) { score = score + 1; };
branch  0 never executed
branch  1 never executed
    #####:  454:      if (state->deck[player][i] == gardens) { score = score + ( fullDeckCount(player, 0, state) / 10 ); };
branch  0 never executed
branch  1 never executed
call    2 never executed
        -:  455:    }
        -:  456:
    #####:  457:  return score;
        -:  458:}
        -:  459:
function getWinners called 0 returned 0% blocks executed 0%
    #####:  460:int getWinners(int players[MAX_PLAYERS], struct gameState *state) {
        -:  461:  int i;	
        -:  462:  int j;
        -:  463:  int highScore;
        -:  464:  int currentPlayer;
        -:  465:
        -:  466:  //get score for each player
    #####:  467:  for (i = 0; i < MAX_PLAYERS; i++)
branch  0 never executed
branch  1 never executed
        -:  468:    {
        -:  469:      //set unused player scores to -9999
    #####:  470:      if (i >= state->numPlayers)
branch  0 never executed
branch  1 never executed
        -:  471:	{
    #####:  472:	  players[i] = -9999;
        -:  473:	}
        -:  474:      else
        -:  475:	{
    #####:  476:	  players[i] = scoreFor (i, state);
call    0 never executed
        -:  477:	}
        -:  478:    }
        -:  479:
        -:  480:  //find highest score
    #####:  481:  j = 0;
    #####:  482:  for (i = 0; i < MAX_PLAYERS; i++)
branch  0 never executed
branch  1 never executed
        -:  483:    {
    #####:  484:      if (players[i] > players[j])
branch  0 never executed
branch  1 never executed
        -:  485:	{
    #####:  486:	  j = i;
        -:  487:	}
        -:  488:    }
    #####:  489:  highScore = players[j];
        -:  490:
        -:  491:  //add 1 to players who had less turns
    #####:  492:  currentPlayer = whoseTurn(state);
call    0 never executed
    #####:  493:  for (i = 0; i < MAX_PLAYERS; i++)
branch  0 never executed
branch  1 never executed
        -:  494:    {
    #####:  495:      if ( players[i] == highScore && i > currentPlayer )
branch  0 never executed
branch  1 never executed
branch  2 never executed
branch  3 never executed
        -:  496:	{
    #####:  497:	  players[i]++;
        -:  498:	}
        -:  499:    }
        -:  500:
        -:  501:  //find new highest score
    #####:  502:  j = 0;
    #####:  503:  for (i = 0; i < MAX_PLAYERS; i++)
branch  0 never executed
branch  1 never executed
        -:  504:    {
    #####:  505:      if ( players[i] > players[j] )
branch  0 never executed
branch  1 never executed
        -:  506:	{
    #####:  507:	  j = i;
        -:  508:	}
        -:  509:    }
    #####:  510:  highScore = players[j];
        -:  511:
        -:  512:  //set winners in array to 1 and rest to 0
    #####:  513:  for (i = 0; i < MAX_PLAYERS; i++)
branch  0 never executed
branch  1 never executed
        -:  514:    {
    #####:  515:      if ( players[i] == highScore )
branch  0 never executed
branch  1 never executed
        -:  516:	{
    #####:  517:	  players[i] = 1;
        -:  518:	}
        -:  519:      else
        -:  520:	{
    #####:  521:	  players[i] = 0;
        -:  522:	}
        -:  523:    }
        -:  524:
    #####:  525:  return 0;
        -:  526:}
        -:  527:
function drawCard called 33636 returned 100% blocks executed 100%
    33636:  528:int drawCard(int player, struct gameState *state)
        -:  529:{	int count;
        -:  530:  int deckCounter;
    33636:  531:  if (state->deckCount[player] <= 0){//Deck is empty
branch  0 taken 3% (fallthrough)
branch  1 taken 97%
        -:  532:    
        -:  533:    //Step 1 Shuffle the discard pile back into a deck
        -:  534:    int i;
        -:  535:    //Move discard to deck
   249958:  536:    for (i = 0; i < state->discardCount[player];i++){
branch  0 taken 99%
branch  1 taken 1% (fallthrough)
   248967:  537:      state->deck[player][i] = state->discard[player][i];
   248967:  538:      state->discard[player][i] = -1;
        -:  539:    }
        -:  540:
      991:  541:    state->deckCount[player] = state->discardCount[player];
      991:  542:    state->discardCount[player] = 0;//Reset discard
        -:  543:
        -:  544:    //Shufffle the deck
      991:  545:    shuffle(player, state);//Shuffle the deck up and make it so that we can draw
call    0 returned 100%
        -:  546:   
        -:  547:    if (DEBUG){//Debug statements
        -:  548:      printf("Deck count now: %d\n", state->deckCount[player]);
        -:  549:    }
        -:  550:    
      991:  551:    state->discardCount[player] = 0;
        -:  552:
        -:  553:    //Step 2 Draw Card
      991:  554:    count = state->handCount[player];//Get current player's hand count
        -:  555:    
        -:  556:    if (DEBUG){//Debug statements
        -:  557:      printf("Current hand count: %d\n", count);
        -:  558:    }
        -:  559:    
      991:  560:    deckCounter = state->deckCount[player];//Create a holder for the deck count
        -:  561:
      991:  562:    if (deckCounter == 0)
branch  0 taken 1% (fallthrough)
branch  1 taken 99%
        1:  563:      return -1;
        -:  564:
      990:  565:    state->hand[player][count] = state->deck[player][deckCounter - 1];//Add card to hand
      990:  566:    state->deckCount[player]--;
      990:  567:    state->handCount[player]++;//Increment hand count
        -:  568:  }
        -:  569:
        -:  570:  else{
    32645:  571:    int count = state->handCount[player];//Get current hand count for player
        -:  572:    int deckCounter;
        -:  573:    if (DEBUG){//Debug statements
        -:  574:      printf("Current hand count: %d\n", count);
        -:  575:    }
        -:  576:
    32645:  577:    deckCounter = state->deckCount[player];//Create holder for the deck count
    32645:  578:    state->hand[player][count] = state->deck[player][deckCounter - 1];//Add card to the hand
    32645:  579:    state->deckCount[player]--;
    32645:  580:    state->handCount[player]++;//Increment hand count
        -:  581:  }
        -:  582:
    33635:  583:  return 0;
        -:  584:}
        -:  585:
function getCost called 0 returned 0% blocks executed 0%
    #####:  586:int getCost(int cardNumber)
        -:  587:{
    #####:  588:  switch( cardNumber ) 
branch  0 never executed
branch  1 never executed
branch  2 never executed
branch  3 never executed
branch  4 never executed
branch  5 never executed
branch  6 never executed
branch  7 never executed
branch  8 never executed
branch  9 never executed
branch 10 never executed
branch 11 never executed
branch 12 never executed
branch 13 never executed
branch 14 never executed
branch 15 never executed
branch 16 never executed
branch 17 never executed
branch 18 never executed
branch 19 never executed
branch 20 never executed
branch 21 never executed
branch 22 never executed
branch 23 never executed
branch 24 never executed
branch 25 never executed
branch 26 never executed
branch 27 never executed
        -:  589:    {
        -:  590:    case curse:
    #####:  591:      return 0;
        -:  592:    case estate:
    #####:  593:      return 2;
        -:  594:    case duchy:
    #####:  595:      return 5;
        -:  596:    case province:
    #####:  597:      return 8;
        -:  598:    case copper:
    #####:  599:      return 0;
        -:  600:    case silver:
    #####:  601:      return 3;
        -:  602:    case gold:
    #####:  603:      return 6;
        -:  604:    case adventurer:
    #####:  605:      return 6;
        -:  606:    case council_room:
    #####:  607:      return 5;
        -:  608:    case feast:
    #####:  609:      return 4;
        -:  610:    case gardens:
    #####:  611:      return 4;
        -:  612:    case mine:
    #####:  613:      return 5;
        -:  614:    case remodel:
    #####:  615:      return 4;
        -:  616:    case smithy:
    #####:  617:      return 4;
        -:  618:    case village:
    #####:  619:      return 3;
        -:  620:    case baron:
    #####:  621:      return 4;
        -:  622:    case great_hall:
    #####:  623:      return 3;
        -:  624:    case minion:
    #####:  625:      return 5;
        -:  626:    case steward:
    #####:  627:      return 3;
        -:  628:    case tribute:
    #####:  629:      return 5;
        -:  630:    case ambassador:
    #####:  631:      return 3;
        -:  632:    case cutpurse:
    #####:  633:      return 4;
        -:  634:    case embargo: 
    #####:  635:      return 2;
        -:  636:    case outpost:
    #####:  637:      return 5;
        -:  638:    case salvager:
    #####:  639:      return 4;
        -:  640:    case sea_hag:
    #####:  641:      return 4;
        -:  642:    case treasure_map:
    #####:  643:      return 4;
        -:  644:    }
        -:  645:	
    #####:  646:  return -1;
        -:  647:}
        -:  648:
function adventurerEffect called 1000 returned 100% blocks executed 100%
     1000:  649:int adventurerEffect (int drawntreasure, int currentPlayer, int cardDrawn, int z, int* temphand, struct gameState *state)
        -:  650:{
    18636:  651:   while(drawntreasure<2){
branch  0 taken 94%
branch  1 taken 6% (fallthrough)
    16636:  652:	if (state->deckCount[currentPlayer] <1){//if the deck is empty we need to shuffle discard and add to deck
branch  0 taken 4% (fallthrough)
branch  1 taken 96%
      733:  653:	  shuffle(currentPlayer, state);
call    0 returned 100%
        -:  654:	}
    16636:  655:	drawCard(currentPlayer, state);
call    0 returned 100%
    16636:  656:	cardDrawn = state->hand[currentPlayer][state->handCount[currentPlayer]-1];//top card of hand is most recently drawn card. // I changed -1 to +1
    16636:  657:	if (cardDrawn == copper || cardDrawn == silver || cardDrawn == gold)
branch  0 taken 95% (fallthrough)
branch  1 taken 5%
branch  2 taken 96% (fallthrough)
branch  3 taken 4%
branch  4 taken 4% (fallthrough)
branch  5 taken 96%
     2000:  658:	  drawntreasure++;
        -:  659:	else{
    14636:  660:	  temphand[z]=cardDrawn;
    14636:  661:	  state->handCount[currentPlayer]--; //this should just remove the top card (the most recently drawn one).
    14636:  662:	  z++;
        -:  663:	}
        -:  664:   }
    16636:  665:   while(z-1>=0){
branch  0 taken 94%
branch  1 taken 6% (fallthrough)
    14636:  666:	state->discard[currentPlayer][state->discardCount[currentPlayer]++]=temphand[z-1]; // discard all cards in play that have been drawn
    14636:  667:	z=z-1;
        -:  668:   }
        -:  669:   
     1000:  670:   return 0;
        -:  671:}
        -:  672:
function smithyEffect called 0 returned 0% blocks executed 0%
    #####:  673:int smithyEffect(int handPos, int currentPlayer, struct gameState *state)
        -:  674:{
        -:  675:   int i;
        -:  676:  //+3 Cards
    #####:  677:  for (i = 1; i < 3; i++) // changed i = 0 to i = 1
branch  0 never executed
branch  1 never executed
        -:  678:  {
    #####:  679:    drawCard(currentPlayer, state);
call    0 never executed
        -:  680:  }
        -:  681:			
        -:  682:  //discard card from hand
    #####:  683:  discardCard(handPos, currentPlayer, state, 0);
call    0 never executed
    #####:  684:  return 0;
        -:  685:}
        -:  686:
function villageEffect called 1000 returned 100% blocks executed 100%
     1000:  687:int villageEffect(int handPos, int currentPlayer, struct gameState *state)
        -:  688:{
        -:  689:  //+1 Card
     1000:  690:  drawCard(currentPlayer, state);
call    0 returned 100%
        -:  691:			
        -:  692:  //+2 Actions
     1000:  693:  state->numActions = state->numActions + 1; // changed + 2 to + 1
        -:  694:			
        -:  695:  //discard played card from hand
     1000:  696:  discardCard(handPos, currentPlayer, state, 0);
call    0 returned 100%
     1000:  697:  return 0;
        -:  698:
        -:  699:}
        -:  700:
function greatHallEffect called 1000 returned 100% blocks executed 100%
     1000:  701:int greatHallEffect(int handPos, int currentPlayer, struct gameState *state)
        -:  702:{
        -:  703:  //+1 Card
     1000:  704:  drawCard(currentPlayer, state);
call    0 returned 100%
        -:  705:			
        -:  706:  //+1 Actions
     1000:  707:  state->numActions++;
        -:  708:			
        -:  709:  //discard card from hand
     1000:  710:  discardCard(handPos, currentPlayer, state, 10); //changed 0 to 10
call    0 returned 100%
     1000:  711:  return 0;
        -:  712:}
        -:  713:
function outpostEffect called 0 returned 0% blocks executed 0%
    #####:  714:int outpostEffect(int handPos, int currentPlayer, struct gameState *state)
        -:  715:{
        -:  716:  //set outpost flag
    #####:  717:  state->outpostPlayed++; 
        -:  718:			
        -:  719:  //discard card
    #####:  720:  discardCard(handPos, currentPlayer, state, 0);
call    0 never executed
    #####:  721:  return 0;
        -:  722:}
        -:  723:
function cardEffect called 3000 returned 100% blocks executed 4%
     3000:  724:int cardEffect(int card, int choice1, int choice2, int choice3, struct gameState *state, int handPos, int *bonus)
        -:  725:{
        -:  726:  int i;
        -:  727:  int j;
        -:  728:  int k;
        -:  729:  int x;
        -:  730:  int index;
     3000:  731:  int currentPlayer = whoseTurn(state);
call    0 returned 100%
     3000:  732:  int nextPlayer = currentPlayer + 1;
        -:  733:
     3000:  734:  int tributeRevealedCards[2] = {-1, -1};
        -:  735:  int temphand[MAX_HAND];// moved above the if statement
     3000:  736:  int drawntreasure=0;
     3000:  737:  int cardDrawn = 0;
     3000:  738:  int z = 0;// this is the counter for the temp hand
     3000:  739:  if (nextPlayer > (state->numPlayers - 1)){
branch  0 taken 36% (fallthrough)
branch  1 taken 64%
     1086:  740:    nextPlayer = 0;
        -:  741:  }
        -:  742:  
        -:  743:	
        -:  744:  //uses switch to select card and perform actions
     3000:  745:  switch( card ) 
branch  0 taken 33%
branch  1 taken 0%
branch  2 taken 0%
branch  3 taken 0%
branch  4 taken 0%
branch  5 taken 0%
branch  6 taken 0%
branch  7 taken 33%
branch  8 taken 0%
branch  9 taken 33%
branch 10 taken 0%
branch 11 taken 0%
branch 12 taken 0%
branch 13 taken 0%
branch 14 taken 0%
branch 15 taken 0%
branch 16 taken 0%
branch 17 taken 0%
branch 18 taken 0%
branch 19 taken 0%
branch 20 taken 0%
        -:  746:    {
        -:  747:    case adventurer:
     1000:  748:      return adventurerEffect(drawntreasure, currentPlayer, cardDrawn, z, temphand, state);
call    0 returned 100%
        -:  749:
        -:  750:    case council_room:
        -:  751:      //+4 Cards
    #####:  752:      for (i = 0; i < 4; i++)
branch  0 never executed
branch  1 never executed
        -:  753:	{
    #####:  754:	  drawCard(currentPlayer, state);
call    0 never executed
        -:  755:	}
        -:  756:			
        -:  757:      //+1 Buy
    #####:  758:      state->numBuys++;
        -:  759:			
        -:  760:      //Each other player draws a card
    #####:  761:      for (i = 0; i < state->numPlayers; i++)
branch  0 never executed
branch  1 never executed
        -:  762:	{
    #####:  763:	  if ( i != currentPlayer )
branch  0 never executed
branch  1 never executed
        -:  764:	    {
    #####:  765:	      drawCard(i, state);
call    0 never executed
        -:  766:	    }
        -:  767:	}
        -:  768:			
        -:  769:      //put played card in played card pile
    #####:  770:      discardCard(handPos, currentPlayer, state, 0);
call    0 never executed
        -:  771:			
    #####:  772:      return 0;
        -:  773:			
        -:  774:    case feast:
        -:  775:      //gain card with cost up to 5
        -:  776:      //Backup hand
    #####:  777:      for (i = 0; i <= state->handCount[currentPlayer]; i++){
branch  0 never executed
branch  1 never executed
    #####:  778:	temphand[i] = state->hand[currentPlayer][i];//Backup card
    #####:  779:	state->hand[currentPlayer][i] = -1;//Set to nothing
        -:  780:      }
        -:  781:      //Backup hand
        -:  782:
        -:  783:      //Update Coins for Buy
    #####:  784:      updateCoins(currentPlayer, state, 5);
call    0 never executed
    #####:  785:      x = 1;//Condition to loop on
    #####:  786:      while( x == 1) {//Buy one card
branch  0 never executed
branch  1 never executed
    #####:  787:	if (supplyCount(choice1, state) <= 0){
call    0 never executed
branch  1 never executed
branch  2 never executed
        -:  788:	  if (DEBUG)
        -:  789:	    printf("None of that card left, sorry!\n");
        -:  790:
        -:  791:	  if (DEBUG){
        -:  792:	    printf("Cards Left: %d\n", supplyCount(choice1, state));
        -:  793:	  }
        -:  794:	}
    #####:  795:	else if (state->coins < getCost(choice1)){
call    0 never executed
branch  1 never executed
branch  2 never executed
    #####:  796:	  printf("That card is too expensive!\n");
call    0 never executed
        -:  797:
        -:  798:	  if (DEBUG){
        -:  799:	    printf("Coins: %d < %d\n", state->coins, getCost(choice1));
        -:  800:	  }
        -:  801:	}
        -:  802:	else{
        -:  803:
        -:  804:	  if (DEBUG){
        -:  805:	    printf("Deck Count: %d\n", state->handCount[currentPlayer] + state->deckCount[currentPlayer] + state->discardCount[currentPlayer]);
        -:  806:	  }
        -:  807:
    #####:  808:	  gainCard(choice1, state, 0, currentPlayer);//Gain the card
call    0 never executed
    #####:  809:	  x = 0;//No more buying cards
        -:  810:
        -:  811:	  if (DEBUG){
        -:  812:	    printf("Deck Count: %d\n", state->handCount[currentPlayer] + state->deckCount[currentPlayer] + state->discardCount[currentPlayer]);
        -:  813:	  }
        -:  814:
        -:  815:	}
        -:  816:      }     
        -:  817:
        -:  818:      //Reset Hand
    #####:  819:      for (i = 0; i <= state->handCount[currentPlayer]; i++){
branch  0 never executed
branch  1 never executed
    #####:  820:	state->hand[currentPlayer][i] = temphand[i];
    #####:  821:	temphand[i] = -1;
        -:  822:      }
        -:  823:      //Reset Hand
        -:  824:      			
    #####:  825:      return 0;
        -:  826:			
        -:  827:    case gardens:
    #####:  828:      return -1;
        -:  829:			
        -:  830:    case mine:
    #####:  831:      j = state->hand[currentPlayer][choice1];  //store card we will trash
        -:  832:
    #####:  833:      if (state->hand[currentPlayer][choice1] < copper || state->hand[currentPlayer][choice1] > gold)
branch  0 never executed
branch  1 never executed
branch  2 never executed
branch  3 never executed
        -:  834:	{
    #####:  835:	  return -1;
        -:  836:	}
        -:  837:		
    #####:  838:      if (choice2 > treasure_map || choice2 < curse)
branch  0 never executed
branch  1 never executed
branch  2 never executed
branch  3 never executed
        -:  839:	{
    #####:  840:	  return -1;
        -:  841:	}
        -:  842:
    #####:  843:      if ( (getCost(state->hand[currentPlayer][choice1]) + 3) > getCost(choice2) )
call    0 never executed
call    1 never executed
branch  2 never executed
branch  3 never executed
        -:  844:	{
    #####:  845:	  return -1;
        -:  846:	}
        -:  847:
    #####:  848:      gainCard(choice2, state, 2, currentPlayer);
call    0 never executed
        -:  849:
        -:  850:      //discard card from hand
    #####:  851:      discardCard(handPos, currentPlayer, state, 0);
call    0 never executed
        -:  852:
        -:  853:      //discard trashed card
    #####:  854:      for (i = 0; i < state->handCount[currentPlayer]; i++)
branch  0 never executed
branch  1 never executed
        -:  855:	{
    #####:  856:	  if (state->hand[currentPlayer][i] == j)
branch  0 never executed
branch  1 never executed
        -:  857:	    {
    #####:  858:	      discardCard(i, currentPlayer, state, 0);			
call    0 never executed
    #####:  859:	      break;
        -:  860:	    }
        -:  861:	}
        -:  862:			
    #####:  863:      return 0;
        -:  864:			
        -:  865:    case remodel:
    #####:  866:      j = state->hand[currentPlayer][choice1];  //store card we will trash
        -:  867:
    #####:  868:      if ( (getCost(state->hand[currentPlayer][choice1]) + 2) > getCost(choice2) )
call    0 never executed
call    1 never executed
branch  2 never executed
branch  3 never executed
        -:  869:	{
    #####:  870:	  return -1;
        -:  871:	}
        -:  872:
    #####:  873:      gainCard(choice2, state, 0, currentPlayer);
call    0 never executed
        -:  874:
        -:  875:      //discard card from hand
    #####:  876:      discardCard(handPos, currentPlayer, state, 0);
call    0 never executed
        -:  877:
        -:  878:      //discard trashed card
    #####:  879:      for (i = 0; i < state->handCount[currentPlayer]; i++)
branch  0 never executed
branch  1 never executed
        -:  880:	{
    #####:  881:	  if (state->hand[currentPlayer][i] == j)
branch  0 never executed
branch  1 never executed
        -:  882:	    {
    #####:  883:	      discardCard(i, currentPlayer, state, 0);			
call    0 never executed
    #####:  884:	      break;
        -:  885:	    }
        -:  886:	}
        -:  887:
        -:  888:
    #####:  889:      return 0;
        -:  890:		
        -:  891:    case smithy:
    #####:  892:      return smithyEffect(handPos, currentPlayer, state);
call    0 never executed
        -:  893:
        -:  894:    case village:
     1000:  895:      return villageEffect(handPos, currentPlayer, state);
call    0 returned 100%
        -:  896:
        -:  897:      		
        -:  898:    case baron:
    #####:  899:      state->numBuys++;//Increase buys by 1!
    #####:  900:      if (choice1 > 0){//Boolean true or going to discard an estate
branch  0 never executed
branch  1 never executed
    #####:  901:	int p = 0;//Iterator for hand!
    #####:  902:	int card_not_discarded = 1;//Flag for discard set!
    #####:  903:	while(card_not_discarded){
branch  0 never executed
branch  1 never executed
    #####:  904:	  if (state->hand[currentPlayer][p] == estate){//Found an estate card!
branch  0 never executed
branch  1 never executed
    #####:  905:	    state->coins += 4;//Add 4 coins to the amount of coins
    #####:  906:	    state->discard[currentPlayer][state->discardCount[currentPlayer]] = state->hand[currentPlayer][p];
    #####:  907:	    state->discardCount[currentPlayer]++;
    #####:  908:	    for (;p < state->handCount[currentPlayer]; p++){
branch  0 never executed
branch  1 never executed
    #####:  909:	      state->hand[currentPlayer][p] = state->hand[currentPlayer][p+1];
        -:  910:	    }
    #####:  911:	    state->hand[currentPlayer][state->handCount[currentPlayer]] = -1;
    #####:  912:	    state->handCount[currentPlayer]--;
    #####:  913:	    card_not_discarded = 0;//Exit the loop
        -:  914:	  }
    #####:  915:	  else if (p > state->handCount[currentPlayer]){
branch  0 never executed
branch  1 never executed
        -:  916:	    if(DEBUG) {
        -:  917:	      printf("No estate cards in your hand, invalid choice\n");
        -:  918:	      printf("Must gain an estate if there are any\n");
        -:  919:	    }
    #####:  920:	    if (supplyCount(estate, state) > 0){
call    0 never executed
branch  1 never executed
branch  2 never executed
    #####:  921:	      gainCard(estate, state, 0, currentPlayer);
call    0 never executed
    #####:  922:	      state->supplyCount[estate]--;//Decrement estates
    #####:  923:	      if (supplyCount(estate, state) == 0){
call    0 never executed
branch  1 never executed
branch  2 never executed
    #####:  924:		isGameOver(state);
call    0 never executed
        -:  925:	      }
        -:  926:	    }
    #####:  927:	    card_not_discarded = 0;//Exit the loop
        -:  928:	  }
        -:  929:			    
        -:  930:	  else{
    #####:  931:	    p++;//Next card
        -:  932:	  }
        -:  933:	}
        -:  934:      }
        -:  935:			    
        -:  936:      else{
    #####:  937:	if (supplyCount(estate, state) > 0){
call    0 never executed
branch  1 never executed
branch  2 never executed
    #####:  938:	  gainCard(estate, state, 0, currentPlayer);//Gain an estate
call    0 never executed
    #####:  939:	  state->supplyCount[estate]--;//Decrement Estates
    #####:  940:	  if (supplyCount(estate, state) == 0){
call    0 never executed
branch  1 never executed
branch  2 never executed
    #####:  941:	    isGameOver(state);
call    0 never executed
        -:  942:	  }
        -:  943:	}
        -:  944:      }
        -:  945:	    
        -:  946:      
    #####:  947:      return 0;
        -:  948:		
        -:  949:    case great_hall:
     1000:  950:      return greatHallEffect(handPos, currentPlayer, state);
call    0 returned 100%
        -:  951:      		
        -:  952:    case minion:
        -:  953:      //+1 action
    #####:  954:      state->numActions++;
        -:  955:			
        -:  956:      //discard card from hand
    #####:  957:      discardCard(handPos, currentPlayer, state, 0);
call    0 never executed
        -:  958:			
    #####:  959:      if (choice1)		//+2 coins
branch  0 never executed
branch  1 never executed
        -:  960:	{
    #####:  961:	  state->coins = state->coins + 2;
        -:  962:	}
        -:  963:			
    #####:  964:      else if (choice2)		//discard hand, redraw 4, other players with 5+ cards discard hand and draw 4
branch  0 never executed
branch  1 never executed
        -:  965:	{
        -:  966:	  //discard hand
    #####:  967:	  while(numHandCards(state) > 0)
call    0 never executed
branch  1 never executed
branch  2 never executed
        -:  968:	    {
    #####:  969:	      discardCard(handPos, currentPlayer, state, 0);
call    0 never executed
        -:  970:	    }
        -:  971:				
        -:  972:	  //draw 4
    #####:  973:	  for (i = 0; i < 4; i++)
branch  0 never executed
branch  1 never executed
        -:  974:	    {
    #####:  975:	      drawCard(currentPlayer, state);
call    0 never executed
        -:  976:	    }
        -:  977:				
        -:  978:	  //other players discard hand and redraw if hand size > 4
    #####:  979:	  for (i = 0; i < state->numPlayers; i++)
branch  0 never executed
branch  1 never executed
        -:  980:	    {
    #####:  981:	      if (i != currentPlayer)
branch  0 never executed
branch  1 never executed
        -:  982:		{
    #####:  983:		  if ( state->handCount[i] > 4 )
branch  0 never executed
branch  1 never executed
        -:  984:		    {
        -:  985:		      //discard hand
    #####:  986:		      while( state->handCount[i] > 0 )
branch  0 never executed
branch  1 never executed
        -:  987:			{
    #####:  988:			  discardCard(handPos, i, state, 0);
call    0 never executed
        -:  989:			}
        -:  990:							
        -:  991:		      //draw 4
    #####:  992:		      for (j = 0; j < 4; j++)
branch  0 never executed
branch  1 never executed
        -:  993:			{
    #####:  994:			  drawCard(i, state);
call    0 never executed
        -:  995:			}
        -:  996:		    }
        -:  997:		}
        -:  998:	    }
        -:  999:				
        -: 1000:	}
    #####: 1001:      return 0;
        -: 1002:		
        -: 1003:    case steward:
    #####: 1004:      if (choice1 == 1)
branch  0 never executed
branch  1 never executed
        -: 1005:	{
        -: 1006:	  //+2 cards
    #####: 1007:	  drawCard(currentPlayer, state);
call    0 never executed
    #####: 1008:	  drawCard(currentPlayer, state);
call    0 never executed
        -: 1009:	}
    #####: 1010:      else if (choice1 == 2)
branch  0 never executed
branch  1 never executed
        -: 1011:	{
        -: 1012:	  //+2 coins
    #####: 1013:	  state->coins = state->coins + 2;
        -: 1014:	}
        -: 1015:      else
        -: 1016:	{
        -: 1017:	  //trash 2 cards in hand
    #####: 1018:	  discardCard(choice2, currentPlayer, state, 1);
call    0 never executed
    #####: 1019:	  discardCard(choice3, currentPlayer, state, 1);
call    0 never executed
        -: 1020:	}
        -: 1021:			
        -: 1022:      //discard card from hand
    #####: 1023:      discardCard(handPos, currentPlayer, state, 0);
call    0 never executed
    #####: 1024:      return 0;
        -: 1025:		
        -: 1026:    case tribute:
    #####: 1027:      if ((state->discardCount[nextPlayer] + state->deckCount[nextPlayer]) <= 1){
branch  0 never executed
branch  1 never executed
    #####: 1028:	if (state->deckCount[nextPlayer] > 0){
branch  0 never executed
branch  1 never executed
    #####: 1029:	  tributeRevealedCards[0] = state->deck[nextPlayer][state->deckCount[nextPlayer]-1];
    #####: 1030:	  state->deckCount[nextPlayer]--;
        -: 1031:	}
    #####: 1032:	else if (state->discardCount[nextPlayer] > 0){
branch  0 never executed
branch  1 never executed
    #####: 1033:	  tributeRevealedCards[0] = state->discard[nextPlayer][state->discardCount[nextPlayer]-1];
    #####: 1034:	  state->discardCount[nextPlayer]--;
        -: 1035:	}
        -: 1036:	else{
        -: 1037:	  //No Card to Reveal
        -: 1038:	  if (DEBUG){
        -: 1039:	    printf("No cards to reveal\n");
        -: 1040:	  }
        -: 1041:	}
        -: 1042:      }
        -: 1043:	    
        -: 1044:      else{
    #####: 1045:	if (state->deckCount[nextPlayer] == 0){
branch  0 never executed
branch  1 never executed
    #####: 1046:	  for (i = 0; i < state->discardCount[nextPlayer]; i++){
branch  0 never executed
branch  1 never executed
    #####: 1047:	    state->deck[nextPlayer][i] = state->discard[nextPlayer][i];//Move to deck
    #####: 1048:	    state->deckCount[nextPlayer]++;
    #####: 1049:	    state->discard[nextPlayer][i] = -1;
    #####: 1050:	    state->discardCount[nextPlayer]--;
        -: 1051:	  }
        -: 1052:			    
    #####: 1053:	  shuffle(nextPlayer,state);//Shuffle the deck
call    0 never executed
        -: 1054:	} 
    #####: 1055:	tributeRevealedCards[0] = state->deck[nextPlayer][state->deckCount[nextPlayer]-1];
    #####: 1056:	state->deck[nextPlayer][state->deckCount[nextPlayer]--] = -1;
    #####: 1057:	state->deckCount[nextPlayer]--;
    #####: 1058:	tributeRevealedCards[1] = state->deck[nextPlayer][state->deckCount[nextPlayer]-1];
    #####: 1059:	state->deck[nextPlayer][state->deckCount[nextPlayer]--] = -1;
    #####: 1060:	state->deckCount[nextPlayer]--;
        -: 1061:      }    
        -: 1062:		       
    #####: 1063:      if (tributeRevealedCards[0] == tributeRevealedCards[1]){//If we have a duplicate card, just drop one 
branch  0 never executed
branch  1 never executed
    #####: 1064:	state->playedCards[state->playedCardCount] = tributeRevealedCards[1];
    #####: 1065:	state->playedCardCount++;
    #####: 1066:	tributeRevealedCards[1] = -1;
        -: 1067:      }
        -: 1068:
    #####: 1069:      for (i = 0; i <= 2; i ++){
branch  0 never executed
branch  1 never executed
    #####: 1070:	if (tributeRevealedCards[i] == copper || tributeRevealedCards[i] == silver || tributeRevealedCards[i] == gold){//Treasure cards
branch  0 never executed
branch  1 never executed
branch  2 never executed
branch  3 never executed
branch  4 never executed
branch  5 never executed
    #####: 1071:	  state->coins += 2;
        -: 1072:	}
        -: 1073:		    
    #####: 1074:	else if (tributeRevealedCards[i] == estate || tributeRevealedCards[i] == duchy || tributeRevealedCards[i] == province || tributeRevealedCards[i] == gardens || tributeRevealedCards[i] == great_hall){//Victory Card Found
branch  0 never executed
branch  1 never executed
branch  2 never executed
branch  3 never executed
branch  4 never executed
branch  5 never executed
branch  6 never executed
branch  7 never executed
branch  8 never executed
branch  9 never executed
    #####: 1075:	  drawCard(currentPlayer, state);
call    0 never executed
    #####: 1076:	  drawCard(currentPlayer, state);
call    0 never executed
        -: 1077:	}
        -: 1078:	else{//Action Card
    #####: 1079:	  state->numActions = state->numActions + 2;
        -: 1080:	}
        -: 1081:      }
        -: 1082:	    
    #####: 1083:      return 0;
        -: 1084:		
        -: 1085:    case ambassador:
    #####: 1086:      j = 0;		//used to check if player has enough cards to discard
        -: 1087:
    #####: 1088:      if (choice2 > 2 || choice2 < 0)
branch  0 never executed
branch  1 never executed
branch  2 never executed
branch  3 never executed
        -: 1089:	{
    #####: 1090:	  return -1;				
        -: 1091:	}
        -: 1092:
    #####: 1093:      if (choice1 == handPos)
branch  0 never executed
branch  1 never executed
        -: 1094:	{
    #####: 1095:	  return -1;
        -: 1096:	}
        -: 1097:
    #####: 1098:      for (i = 0; i < state->handCount[currentPlayer]; i++)
branch  0 never executed
branch  1 never executed
        -: 1099:	{
    #####: 1100:	  if (i != handPos && i == state->hand[currentPlayer][choice1] && i != choice1)
branch  0 never executed
branch  1 never executed
branch  2 never executed
branch  3 never executed
branch  4 never executed
branch  5 never executed
        -: 1101:	    {
    #####: 1102:	      j++;
        -: 1103:	    }
        -: 1104:	}
    #####: 1105:      if (j < choice2)
branch  0 never executed
branch  1 never executed
        -: 1106:	{
    #####: 1107:	  return -1;				
        -: 1108:	}
        -: 1109:
        -: 1110:      if (DEBUG) 
        -: 1111:	printf("Player %d reveals card number: %d\n", currentPlayer, state->hand[currentPlayer][choice1]);
        -: 1112:
        -: 1113:      //increase supply count for choosen card by amount being discarded
    #####: 1114:      state->supplyCount[state->hand[currentPlayer][choice1]] += choice2;
        -: 1115:			
        -: 1116:      //each other player gains a copy of revealed card
    #####: 1117:      for (i = 0; i < state->numPlayers; i++)
branch  0 never executed
branch  1 never executed
        -: 1118:	{
    #####: 1119:	  if (i != currentPlayer)
branch  0 never executed
branch  1 never executed
        -: 1120:	    {
    #####: 1121:	      gainCard(state->hand[currentPlayer][choice1], state, 0, i);
call    0 never executed
        -: 1122:	    }
        -: 1123:	}
        -: 1124:
        -: 1125:      //discard played card from hand
    #####: 1126:      discardCard(handPos, currentPlayer, state, 0);			
call    0 never executed
        -: 1127:
        -: 1128:      //trash copies of cards returned to supply
    #####: 1129:      for (j = 0; j < choice2; j++)
branch  0 never executed
branch  1 never executed
        -: 1130:	{
    #####: 1131:	  for (i = 0; i < state->handCount[currentPlayer]; i++)
branch  0 never executed
branch  1 never executed
        -: 1132:	    {
    #####: 1133:	      if (state->hand[currentPlayer][i] == state->hand[currentPlayer][choice1])
branch  0 never executed
branch  1 never executed
        -: 1134:		{
    #####: 1135:		  discardCard(i, currentPlayer, state, 1);
call    0 never executed
    #####: 1136:		  break;
        -: 1137:		}
        -: 1138:	    }
        -: 1139:	}			
        -: 1140:
    #####: 1141:      return 0;
        -: 1142:		
        -: 1143:    case cutpurse:
        -: 1144:
    #####: 1145:      updateCoins(currentPlayer, state, 2);
call    0 never executed
    #####: 1146:      for (i = 0; i < state->numPlayers; i++)
branch  0 never executed
branch  1 never executed
        -: 1147:	{
    #####: 1148:	  if (i != currentPlayer)
branch  0 never executed
branch  1 never executed
        -: 1149:	    {
    #####: 1150:	      for (j = 0; j < state->handCount[i]; j++)
branch  0 never executed
branch  1 never executed
        -: 1151:		{
    #####: 1152:		  if (state->hand[i][j] == copper)
branch  0 never executed
branch  1 never executed
        -: 1153:		    {
    #####: 1154:		      discardCard(j, i, state, 0);
call    0 never executed
    #####: 1155:		      break;
        -: 1156:		    }
    #####: 1157:		  if (j == state->handCount[i])
branch  0 never executed
branch  1 never executed
        -: 1158:		    {
    #####: 1159:		      for (k = 0; k < state->handCount[i]; k++)
branch  0 never executed
branch  1 never executed
        -: 1160:			{
        -: 1161:			  if (DEBUG)
        -: 1162:			    printf("Player %d reveals card number %d\n", i, state->hand[i][k]);
        -: 1163:			}	
    #####: 1164:		      break;
        -: 1165:		    }		
        -: 1166:		}
        -: 1167:					
        -: 1168:	    }
        -: 1169:				
        -: 1170:	}				
        -: 1171:
        -: 1172:      //discard played card from hand
    #####: 1173:      discardCard(handPos, currentPlayer, state, 0);			
call    0 never executed
        -: 1174:
    #####: 1175:      return 0;
        -: 1176:
        -: 1177:		
        -: 1178:    case embargo: 
        -: 1179:      //+2 Coins
    #####: 1180:      state->coins = state->coins + 2;
        -: 1181:			
        -: 1182:      //see if selected pile is in play
    #####: 1183:      if ( state->supplyCount[choice1] == -1 )
branch  0 never executed
branch  1 never executed
        -: 1184:	{
    #####: 1185:	  return -1;
        -: 1186:	}
        -: 1187:			
        -: 1188:      //add embargo token to selected supply pile
    #####: 1189:      state->embargoTokens[choice1]++;
        -: 1190:			
        -: 1191:      //trash card
    #####: 1192:      discardCard(handPos, currentPlayer, state, 1);		
call    0 never executed
    #####: 1193:      return 0;
        -: 1194:		
        -: 1195:    case outpost:
    #####: 1196:      return outpostEffect(handPos, currentPlayer, state);
call    0 never executed
        -: 1197:      		
        -: 1198:    case salvager:
        -: 1199:      //+1 buy
    #####: 1200:      state->numBuys++;
        -: 1201:			
    #####: 1202:      if (choice1)
branch  0 never executed
branch  1 never executed
        -: 1203:	{
        -: 1204:	  //gain coins equal to trashed card
    #####: 1205:	  state->coins = state->coins + getCost( handCard(choice1, state) );
call    0 never executed
call    1 never executed
        -: 1206:	  //trash card
    #####: 1207:	  discardCard(choice1, currentPlayer, state, 1);	
call    0 never executed
        -: 1208:	}
        -: 1209:			
        -: 1210:      //discard card
    #####: 1211:      discardCard(handPos, currentPlayer, state, 0);
call    0 never executed
    #####: 1212:      return 0;
        -: 1213:		
        -: 1214:    case sea_hag:
    #####: 1215:      for (i = 0; i < state->numPlayers; i++){
branch  0 never executed
branch  1 never executed
    #####: 1216:	if (i != currentPlayer){
branch  0 never executed
branch  1 never executed
    #####: 1217:	  state->discard[i][state->discardCount[i]] = state->deck[i][state->deckCount[i]--];			    state->deckCount[i]--;
    #####: 1218:	  state->discardCount[i]++;
    #####: 1219:	  state->deck[i][state->deckCount[i]--] = curse;//Top card now a curse
        -: 1220:	}
        -: 1221:      }
    #####: 1222:      return 0;
        -: 1223:		
        -: 1224:    case treasure_map:
        -: 1225:      //search hand for another treasure_map
    #####: 1226:      index = -1;
    #####: 1227:      for (i = 0; i < state->handCount[currentPlayer]; i++)
branch  0 never executed
branch  1 never executed
        -: 1228:	{
    #####: 1229:	  if (state->hand[currentPlayer][i] == treasure_map && i != handPos)
branch  0 never executed
branch  1 never executed
branch  2 never executed
branch  3 never executed
        -: 1230:	    {
    #####: 1231:	      index = i;
    #####: 1232:	      break;
        -: 1233:	    }
        -: 1234:	}
    #####: 1235:      if (index > -1)
branch  0 never executed
branch  1 never executed
        -: 1236:	{
        -: 1237:	  //trash both treasure cards
    #####: 1238:	  discardCard(handPos, currentPlayer, state, 1);
call    0 never executed
    #####: 1239:	  discardCard(index, currentPlayer, state, 1);
call    0 never executed
        -: 1240:
        -: 1241:	  //gain 4 Gold cards
    #####: 1242:	  for (i = 0; i < 4; i++)
branch  0 never executed
branch  1 never executed
        -: 1243:	    {
    #####: 1244:	      gainCard(gold, state, 1, currentPlayer);
call    0 never executed
        -: 1245:	    }
        -: 1246:				
        -: 1247:	  //return success
    #####: 1248:	  return 1;
        -: 1249:	}
        -: 1250:			
        -: 1251:      //no second treasure_map found in hand
    #####: 1252:      return -1;
        -: 1253:    }
        -: 1254:	
    #####: 1255:  return -1;
        -: 1256:}
        -: 1257:
function discardCard called 2000 returned 100% blocks executed 89%
     2000: 1258:int discardCard(int handPos, int currentPlayer, struct gameState *state, int trashFlag)
        -: 1259:{
        -: 1260:	
        -: 1261:  //if card is not trashed, added to Played pile 
     2000: 1262:  if (trashFlag < 1)
branch  0 taken 50% (fallthrough)
branch  1 taken 50%
        -: 1263:    {
        -: 1264:      //add card to played pile
     1000: 1265:      state->playedCards[state->playedCardCount] = state->hand[currentPlayer][handPos]; 
     1000: 1266:      state->playedCardCount++;
        -: 1267:    }
        -: 1268:	
        -: 1269:  //set played card to -1
     2000: 1270:  state->hand[currentPlayer][handPos] = -1;
        -: 1271:	
        -: 1272:  //remove card from player's hand
     2000: 1273:  if ( handPos == (state->handCount[currentPlayer] - 1) ) 	//last card in hand array is played
branch  0 taken 1% (fallthrough)
branch  1 taken 99%
        -: 1274:    {
        -: 1275:      //reduce number of cards in hand
        5: 1276:      state->handCount[currentPlayer]--;
        -: 1277:    }
     1995: 1278:  else if ( state->handCount[currentPlayer] == 1 ) //only one card in hand
branch  0 taken 0% (fallthrough)
branch  1 taken 100%
        -: 1279:    {
        -: 1280:      //reduce number of cards in hand
    #####: 1281:      state->handCount[currentPlayer]--;
        -: 1282:    }
        -: 1283:  else 	
        -: 1284:    {
        -: 1285:      //replace discarded card with last card in hand
     1995: 1286:      state->hand[currentPlayer][handPos] = state->hand[currentPlayer][ (state->handCount[currentPlayer] - 1)];
        -: 1287:      //set last card to -1
     1995: 1288:      state->hand[currentPlayer][state->handCount[currentPlayer] - 1] = -1;
        -: 1289:      //reduce number of cards in hand
     1995: 1290:      state->handCount[currentPlayer]--;
        -: 1291:    }
        -: 1292:	
     2000: 1293:  return 0;
        -: 1294:}
        -: 1295:
function gainCard called 0 returned 0% blocks executed 0%
    #####: 1296:int gainCard(int supplyPos, struct gameState *state, int toFlag, int player)
        -: 1297:{
        -: 1298:  //Note: supplyPos is enum of choosen card
        -: 1299:	
        -: 1300:  //check if supply pile is empty (0) or card is not used in game (-1)
    #####: 1301:  if ( supplyCount(supplyPos, state) < 1 )
call    0 never executed
branch  1 never executed
branch  2 never executed
        -: 1302:    {
    #####: 1303:      return -1;
        -: 1304:    }
        -: 1305:	
        -: 1306:  //added card for [whoseTurn] current player:
        -: 1307:  // toFlag = 0 : add to discard
        -: 1308:  // toFlag = 1 : add to deck
        -: 1309:  // toFlag = 2 : add to hand
        -: 1310:
    #####: 1311:  if (toFlag == 1)
branch  0 never executed
branch  1 never executed
        -: 1312:    {
    #####: 1313:      state->deck[ player ][ state->deckCount[player] ] = supplyPos;
    #####: 1314:      state->deckCount[player]++;
        -: 1315:    }
    #####: 1316:  else if (toFlag == 2)
branch  0 never executed
branch  1 never executed
        -: 1317:    {
    #####: 1318:      state->hand[ player ][ state->handCount[player] ] = supplyPos;
    #####: 1319:      state->handCount[player]++;
        -: 1320:    }
        -: 1321:  else
        -: 1322:    {
    #####: 1323:      state->discard[player][ state->discardCount[player] ] = supplyPos;
    #####: 1324:      state->discardCount[player]++;
        -: 1325:    }
        -: 1326:	
        -: 1327:  //decrease number in supply pile
    #####: 1328:  state->supplyCount[supplyPos]--;
        -: 1329:	 
    #####: 1330:  return 0;
        -: 1331:}
        -: 1332:
function updateCoins called 3000 returned 100% blocks executed 82%
     3000: 1333:int updateCoins(int player, struct gameState *state, int bonus)
        -: 1334:{
        -: 1335:  int i;
        -: 1336:	
        -: 1337:  //reset coin count
     3000: 1338:  state->coins = 0;
        -: 1339:
        -: 1340:  //add coins for each Treasure card in player's hand
    18000: 1341:  for (i = 0; i < state->handCount[player]; i++)
branch  0 taken 83%
branch  1 taken 17% (fallthrough)
        -: 1342:    {
    15000: 1343:      if (state->hand[player][i] == copper)
branch  0 taken 40% (fallthrough)
branch  1 taken 60%
        -: 1344:	{
     6000: 1345:	  state->coins += 1;
        -: 1346:	}
     9000: 1347:      else if (state->hand[player][i] == silver)
branch  0 taken 0% (fallthrough)
branch  1 taken 100%
        -: 1348:	{
    #####: 1349:	  state->coins += 2;
        -: 1350:	}
     9000: 1351:      else if (state->hand[player][i] == gold)
branch  0 taken 0% (fallthrough)
branch  1 taken 100%
        -: 1352:	{
    #####: 1353:	  state->coins += 3;
        -: 1354:	}	
        -: 1355:    }	
        -: 1356:
        -: 1357:  //add bonus
     3000: 1358:  state->coins += bonus;
        -: 1359:
     3000: 1360:  return 0;
        -: 1361:}
        -: 1362:
        -: 1363:
        -: 1364://end of dominion.c
        -: 1365:
